INFO [2025-06-02 17:55:50] $x
INFO [2025-06-02 17:55:50] list(`714 Set` = TFs_714, `676 Set` = TFs_676)
INFO [2025-06-02 17:55:50] 
INFO [2025-06-02 17:55:50] $filename
INFO [2025-06-02 17:55:50] NULL
INFO [2025-06-02 17:55:50] 
INFO [2025-06-02 17:55:50] $fill
INFO [2025-06-02 17:55:50] c("#E69F00", "#56B4E9")
INFO [2025-06-02 17:55:50] 
INFO [2025-06-02 17:55:50] $alpha
INFO [2025-06-02 17:55:50] [1] 0.6
INFO [2025-06-02 17:55:50] 
INFO [2025-06-02 17:55:50] $cat.col
INFO [2025-06-02 17:55:50] c("#E69F00", "#56B4E9")
INFO [2025-06-02 17:55:50] 
INFO [2025-06-02 17:55:50] $cat.cex
INFO [2025-06-02 17:55:50] [1] 1.2
INFO [2025-06-02 17:55:50] 
INFO [2025-06-02 17:55:50] $margin
INFO [2025-06-02 17:55:50] [1] 0.1
INFO [2025-06-02 17:55:50] 
INFO [2025-06-02 17:55:50] $cex
INFO [2025-06-02 17:55:50] [1] 1.5
INFO [2025-06-02 17:55:50] 
ERROR [2025-06-02 17:55:50] NAs in dataset
