INFO [2025-06-02 17:56:46] $x
INFO [2025-06-02 17:56:46] list(`714 Set` = TFs_714, `676 Set` = TFs_676)
INFO [2025-06-02 17:56:46] 
INFO [2025-06-02 17:56:46] $filename
INFO [2025-06-02 17:56:46] NULL
INFO [2025-06-02 17:56:46] 
INFO [2025-06-02 17:56:46] $fill
INFO [2025-06-02 17:56:46] c("#E69F00", "#56B4E9")
INFO [2025-06-02 17:56:46] 
INFO [2025-06-02 17:56:46] $alpha
INFO [2025-06-02 17:56:46] [1] 0.6
INFO [2025-06-02 17:56:46] 
INFO [2025-06-02 17:56:46] $cat.col
INFO [2025-06-02 17:56:46] c("#E69F00", "#56B4E9")
INFO [2025-06-02 17:56:46] 
INFO [2025-06-02 17:56:46] $cat.cex
INFO [2025-06-02 17:56:46] [1] 1.2
INFO [2025-06-02 17:56:46] 
INFO [2025-06-02 17:56:46] $margin
INFO [2025-06-02 17:56:46] [1] 0.1
INFO [2025-06-02 17:56:46] 
INFO [2025-06-02 17:56:46] $cex
INFO [2025-06-02 17:56:46] [1] 1.5
INFO [2025-06-02 17:56:46] 
